<?xml version="1.0" encoding="UTF-8"?>
<!-- Generated by org.testng.reporters.JUnitReportReporter -->
<testsuite hostname="DESKTOP-9HOSIS4" failures="0" tests="1" name="restAPI.GetRequest" time="1.199" errors="0" timestamp="01 Jun 2022 10:04:47 GMT" skipped="0">
  <testcase classname="restAPI.GetRequest" name="test1" time="1.199"/>
</testsuite> <!-- restAPI.GetRequest -->
