<?xml version="1.0" encoding="UTF-8"?>
<!-- Generated by org.testng.reporters.JUnitReportReporter -->
<testsuite hostname="DESKTOP-9HOSIS4" failures="0" tests="1" name="RestAPIXML.XMLTest" time="2.283" errors="0" timestamp="13 Jun 2022 10:54:56 GMT" skipped="0">
  <testcase classname="RestAPIXML.XMLTest" name="test2" time="2.283"/>
</testsuite> <!-- RestAPIXML.XMLTest -->
