<?xml version="1.0" encoding="UTF-8"?>
<!-- Generated by org.testng.reporters.JUnitReportReporter -->
<testsuite hostname="DESKTOP-9HOSIS4" failures="0" tests="1" name="GitHub.EndToEndGitHubTest" time="2.961" errors="0" timestamp="01 Jun 2022 13:21:05 GMT" skipped="0">
  <testcase classname="GitHub.EndToEndGitHubTest" name="test2" time="2.961"/>
</testsuite> <!-- GitHub.EndToEndGitHubTest -->
