<?xml version="1.0" encoding="UTF-8"?>
<!-- Generated by org.testng.reporters.JUnitReportReporter -->
<testsuite hostname="DESKTOP-9HOSIS4" failures="0" tests="1" name="restAPI.PostRequestWithJsonObject" time="1.957" errors="0" timestamp="28 May 2022 06:37:40 GMT" skipped="0">
  <testcase classname="restAPI.PostRequestWithJsonObject" name="test1" time="1.957"/>
</testsuite> <!-- restAPI.PostRequestWithJsonObject -->
