<?xml version="1.0" encoding="UTF-8"?>
<!-- Generated by org.testng.reporters.JUnitReportReporter -->
<testsuite hostname="DESKTOP-9HOSIS4" failures="0" tests="1" name="restBDD.PutRequestBDD" time="2.161" errors="0" timestamp="13 Jun 2022 08:32:15 GMT" skipped="0">
  <testcase classname="restBDD.PutRequestBDD" name="test1" time="2.161"/>
</testsuite> <!-- restBDD.PutRequestBDD -->
