<?xml version="1.0" encoding="UTF-8"?>
<!-- Generated by org.testng.reporters.JUnitReportReporter -->
<testsuite hostname="DESKTOP-9HOSIS4" failures="0" tests="1" name="restBDD.PostRequestBDD" time="2.012" errors="0" timestamp="13 Jun 2022 07:55:37 GMT" skipped="0">
  <testcase classname="restBDD.PostRequestBDD" name="test1" time="2.012"/>
</testsuite> <!-- restBDD.PostRequestBDD -->
