<?xml version="1.0" encoding="UTF-8"?>
<!-- Generated by org.testng.reporters.JUnitReportReporter -->
<testsuite hostname="DESKTOP-9HOSIS4" failures="0" tests="1" name="restAPI.PostRequestWithMap" time="2.052" errors="0" timestamp="13 Jun 2022 07:53:17 GMT" skipped="0">
  <testcase classname="restAPI.PostRequestWithMap" name="test1" time="2.052"/>
</testsuite> <!-- restAPI.PostRequestWithMap -->
