<?xml version="1.0" encoding="UTF-8"?>
<!-- Generated by org.testng.reporters.JUnitReportReporter -->
<testsuite hostname="DESKTOP-9HOSIS4" failures="0" tests="1" name="APIChaining.EndToEndTest" time="2.408" errors="0" timestamp="01 Jun 2022 12:30:20 GMT" skipped="0">
  <testcase classname="APIChaining.EndToEndTest" name="test1" time="2.408"/>
</testsuite> <!-- APIChaining.EndToEndTest -->
