<?xml version="1.0" encoding="UTF-8"?>
<!-- Generated by org.testng.reporters.JUnitReportReporter -->
<testsuite hostname="DESKTOP-9HOSIS4" failures="0" tests="1" name="restBDD.DeleteRequestBDD" time="1.360" errors="0" timestamp="13 Jun 2022 08:34:40 GMT" skipped="0">
  <testcase classname="restBDD.DeleteRequestBDD" name="test1" time="1.360"/>
</testsuite> <!-- restBDD.DeleteRequestBDD -->
