<?xml version="1.0" encoding="UTF-8"?>
<!-- Generated by org.testng.reporters.JUnitReportReporter -->
<testsuite hostname="DESKTOP-9HOSIS4" failures="0" tests="1" name="restAPI.PostRequestWithDataFile" time="3.136" errors="0" timestamp="28 May 2022 07:15:04 GMT" skipped="0">
  <testcase classname="restAPI.PostRequestWithDataFile" name="test" time="3.136"/>
</testsuite> <!-- restAPI.PostRequestWithDataFile -->
