<?xml version="1.0" encoding="UTF-8"?>
<!-- Generated by org.testng.reporters.JUnitReportReporter -->
<testsuite hostname="DESKTOP-9HOSIS4" failures="0" tests="1" name="restAPI.GetRequestWithParams" time="2.264" errors="0" timestamp="28 May 2022 05:25:34 GMT" skipped="0">
  <testcase classname="restAPI.GetRequestWithParams" name="test1" time="2.264"/>
</testsuite> <!-- restAPI.GetRequestWithParams -->
