<?xml version="1.0" encoding="UTF-8"?>
<!-- Generated by org.testng.reporters.JUnitReportReporter -->
<testsuite hostname="DESKTOP-9HOSIS4" failures="0" tests="1" name="restAPI.DeleteRequest" time="1.270" errors="0" timestamp="01 Jun 2022 10:05:40 GMT" skipped="0">
  <testcase classname="restAPI.DeleteRequest" name="test1" time="1.270"/>
</testsuite> <!-- restAPI.DeleteRequest -->
