<?xml version="1.0" encoding="UTF-8"?>
<!-- Generated by org.testng.reporters.JUnitReportReporter -->
<testsuite hostname="DESKTOP-9HOSIS4" failures="0" tests="1" name="restBDD.GetRequestBDD" time="1.875" errors="0" timestamp="13 Jun 2022 08:30:22 GMT" skipped="0">
  <testcase classname="restBDD.GetRequestBDD" name="test2" time="1.875"/>
</testsuite> <!-- restBDD.GetRequestBDD -->
