<?xml version="1.0" encoding="UTF-8"?>
<!-- Generated by org.testng.reporters.JUnitReportReporter -->
<testsuite hostname="DESKTOP-9HOSIS4" failures="0" tests="1" name="restAPI.PutRequest" time="3.246" errors="0" timestamp="01 Jun 2022 09:58:09 GMT" skipped="0">
  <testcase classname="restAPI.PutRequest" name="test1" time="3.246"/>
</testsuite> <!-- restAPI.PutRequest -->
